<?xml version="1.0" encoding="UTF-8"?>
<!-- Generated by org.testng.reporters.JUnitReportReporter -->
<testsuite ignored="0" hostname="WIN-BU435P63VMI" failures="0" tests="2" name="com.course.cases.LoginTest" time="0.433" errors="0" timestamp="12 Apr 2023 14:13:17 GMT" skipped="0">
  <testcase classname="com.course.cases.LoginTest" name="loginTrue" time="0.403"/>
  <testcase classname="com.course.cases.LoginTest" name="loginFalse" time="0.030"/>
</testsuite> <!-- com.course.cases.LoginTest -->
