<?xml version="1.0" encoding="UTF-8"?>
<!-- Generated by org.testng.reporters.JUnitReportReporter -->
<testsuite ignored="0" hostname="WIN-BU435P63VMI" failures="0" tests="1" name="com.course.cases.GetUserInfoListTest" time="0.041" errors="0" timestamp="12 Apr 2023 14:13:17 GMT" skipped="0">
  <testcase classname="com.course.cases.GetUserInfoListTest" name="getUserInfoList" time="0.041"/>
</testsuite> <!-- com.course.cases.GetUserInfoListTest -->
