<?xml version="1.0" encoding="UTF-8"?>
<!-- Generated by org.testng.reporters.JUnitReportReporter -->
<testsuite ignored="0" hostname="WIN-BU435P63VMI" failures="0" tests="2" name="com.course.cases.UpdateUserInfoTest" time="0.100" errors="0" timestamp="12 Apr 2023 14:13:17 GMT" skipped="0">
  <testcase classname="com.course.cases.UpdateUserInfoTest" name="deleteUserInfo" time="0.041"/>
  <testcase classname="com.course.cases.UpdateUserInfoTest" name="updateUserInfo" time="0.059"/>
</testsuite> <!-- com.course.cases.UpdateUserInfoTest -->
